<?xml version="1.0" encoding="UTF-8"?>
<!-- Generated by org.testng.reporters.JUnitReportReporter -->
<testsuite hostname="witchers" failures="0" tests="1" name="TestCases.TC_001_AccountRegistrationTest" time="2.702" errors="0" timestamp="2023-09-08T08:29:36 IST" skipped="0">
  <testcase classname="TestCases.TC_001_AccountRegistrationTest" name="test_account_Registration" time="2.702"/>
</testsuite> <!-- TestCases.TC_001_AccountRegistrationTest -->
